<?xml version="1.0" encoding="UTF-8"?>
<!-- Generated by org.testng.reporters.JUnitReportReporter -->
<testsuite skipped="0" hostname="L-5493" name="GET.RestAssuredGET" tests="1" failures="0" timestamp="2020-01-31T12:32:53 IST" time="3.900" errors="0">
  <testcase name="getDetails" time="3.900" classname="GET.RestAssuredGET"/>
</testsuite> <!-- GET.RestAssuredGET -->
